<?xml version="1.0" encoding="UTF-8"?>
<!-- Generated by org.testng.reporters.JUnitReportReporter -->
<testsuite hostname="admin" failures="0" tests="1" name="Module01_LoginTest.SwagLabsTest" time="13.047" errors="0" timestamp="2024-07-03T07:41:29 IST" skipped="0">
  <testcase classname="Module01_LoginTest.SwagLabsTest" name="verifyLogin" time="13.047"/>
</testsuite> <!-- Module01_LoginTest.SwagLabsTest -->
